0 info it worked if it ends with ok
1 verbose cli [ '/usr/local/bin/node', '/usr/local/bin/npm', 'install' ]
2 info using npm@3.10.8
3 info using node@v6.9.1
4 silly loadCurrentTree Starting
5 silly install loadCurrentTree
6 silly install readLocalPackageData
7 silly install normalizeTree
8 silly loadCurrentTree Finishing
9 silly loadIdealTree Starting
10 silly install loadIdealTree
11 silly cloneCurrentTree Starting
12 silly install cloneCurrentTreeToIdealTree
13 silly cloneCurrentTree Finishing
14 silly loadShrinkwrap Starting
15 silly install loadShrinkwrap
16 silly loadShrinkwrap Finishing
17 silly loadAllDepsIntoIdealTree Starting
18 silly install loadAllDepsIntoIdealTree
19 silly loadAllDepsIntoIdealTree Finishing
20 silly loadIdealTree Finishing
21 silly currentTree projects
21 silly currentTree ├── colors@1.1.2
21 silly currentTree ├── mime@1.3.4
21 silly currentTree ├── minimist@0.0.10
21 silly currentTree ├── node-static@0.7.9
21 silly currentTree ├── optimist@0.6.1
21 silly currentTree └── wordwrap@0.0.3
22 silly idealTree projects
22 silly idealTree ├── colors@1.1.2
22 silly idealTree ├── mime@1.3.4
22 silly idealTree ├── minimist@0.0.10
22 silly idealTree ├── node-static@0.7.9
22 silly idealTree ├── optimist@0.6.1
22 silly idealTree └── wordwrap@0.0.3
23 silly generateActionsToTake Starting
24 silly install generateActionsToTake
25 silly generateActionsToTake Finishing
26 silly diffTrees action count 0
27 silly decomposeActions action count 0
28 silly runTopLevelLifecycles Starting
29 silly install runPreinstallTopLevelLifecycles
30 silly preinstall projects /Users/developer/projects/projects-a4a30e7f
31 info lifecycle undefined~preinstall: undefined
32 silly lifecycle undefined~preinstall: no script for preinstall, continuing
33 silly executeActions Starting
34 silly install executeActions
35 silly doSerial global-install 0
36 silly doParallel fetch 0
37 verbose correctMkdir /Users/developer/.npm/_locks correctMkdir not in flight; initializing
38 verbose lock using /Users/developer/.npm/_locks/staging-b092834c774aaeb4.lock for /Users/developer/projects/node_modules/.staging
39 verbose unlock done using /Users/developer/.npm/_locks/staging-b092834c774aaeb4.lock for /Users/developer/projects/node_modules/.staging
40 silly rollbackFailedOptional Starting
41 silly rollbackFailedOptional Finishing
42 silly runTopLevelLifecycles Finishing
43 silly install printInstalled
44 warn enoent ENOENT: no such file or directory, open '/Users/developer/projects/package.json'
45 verbose enoent ENOENT: no such file or directory, open '/Users/developer/projects/package.json'
45 verbose enoent This is most likely not a problem with npm itself
45 verbose enoent and is related to npm not being able to find a file.
46 warn projects No description
47 verbose If you need help, you may report this error at:
47 verbose     <https://github.com/npm/npm/issues>
48 warn projects No repository field.
49 verbose If you need help, you may report this error at:
49 verbose     <https://github.com/npm/npm/issues>
50 warn projects No README data
51 verbose If you need help, you may report this error at:
51 verbose     <https://github.com/npm/npm/issues>
52 warn projects No license field.
53 verbose If you need help, you may report this error at:
53 verbose     <https://github.com/npm/npm/issues>
54 verbose stack Error: EACCES: permission denied, mkdir '/Users/developer/projects/node_modules/.staging'
54 verbose stack     at Error (native)
55 verbose cwd /Users/developer/projects/ccstation.github.io/plugin/notes-server
56 error Darwin 15.6.0
57 error argv "/usr/local/bin/node" "/usr/local/bin/npm" "install"
58 error node v6.9.1
59 error npm  v3.10.8
60 error path /Users/developer/projects/node_modules/.staging
61 error code EACCES
62 error errno -13
63 error syscall mkdir
64 error Error: EACCES: permission denied, mkdir '/Users/developer/projects/node_modules/.staging'
64 error     at Error (native)
64 error  { Error: EACCES: permission denied, mkdir '/Users/developer/projects/node_modules/.staging'
64 error     at Error (native)
64 error   errno: -13,
64 error   code: 'EACCES',
64 error   syscall: 'mkdir',
64 error   path: '/Users/developer/projects/node_modules/.staging' }
65 error Please try running this command again as root/Administrator.
66 verbose exit [ -13, true ]
